  Main.cpp
C:\Users\shash\source\repos\INVENTORY_MANAGEMENT_SYSTEM\INVENTORY_MANAGEMENT_SYSTEM\excel.h(37,15): warning C4267: 'initializing': conversion from 'size_t' to 'int', possible loss of data
  (compiling source file 'Main.cpp')
  
  MyForm.cpp
C:\Users\shash\source\repos\INVENTORY_MANAGEMENT_SYSTEM\INVENTORY_MANAGEMENT_SYSTEM\excel.h(37,15): warning C4267: 'initializing': conversion from 'size_t' to 'int', possible loss of data
  (compiling source file 'MyForm.cpp')
  
  delete_conform.cpp
C:\Users\shash\source\repos\INVENTORY_MANAGEMENT_SYSTEM\INVENTORY_MANAGEMENT_SYSTEM\excel.h(37,15): warning C4267: 'initializing': conversion from 'size_t' to 'int', possible loss of data
  (compiling source file 'delete_conform.cpp')
  
  excel.cpp
C:\Users\shash\source\repos\INVENTORY_MANAGEMENT_SYSTEM\INVENTORY_MANAGEMENT_SYSTEM\excel.h(37,15): warning C4267: 'initializing': conversion from 'size_t' to 'int', possible loss of data
  (compiling source file 'excel.cpp')
  
  Generating Code...
C:\Users\shash\source\repos\INVENTORY_MANAGEMENT_SYSTEM\INVENTORY_MANAGEMENT_SYSTEM\excel.h(127,1): warning C4715: 'INVENTORYMANAGEMENTSYSTEM::excel::last_data': not all control paths return a value
C:\Users\shash\source\repos\INVENTORY_MANAGEMENT_SYSTEM\INVENTORY_MANAGEMENT_SYSTEM\excel.h(145,1): warning C4715: 'INVENTORYMANAGEMENTSYSTEM::excel::read_data': not all control paths return a value
C:\Users\shash\source\repos\INVENTORY_MANAGEMENT_SYSTEM\INVENTORY_MANAGEMENT_SYSTEM\excel.h(161,1): warning C4715: 'INVENTORYMANAGEMENTSYSTEM::excel::searchProductByName': not all control paths return a value
C:\Users\shash\source\repos\INVENTORY_MANAGEMENT_SYSTEM\INVENTORY_MANAGEMENT_SYSTEM\excel.h(177,1): warning C4715: 'INVENTORYMANAGEMENTSYSTEM::excel::searchProductById': not all control paths return a value
C:\Users\shash\source\repos\INVENTORY_MANAGEMENT_SYSTEM\INVENTORY_MANAGEMENT_SYSTEM\excel.h(127,1): warning C4715: 'INVENTORYMANAGEMENTSYSTEM::excel::last_data': not all control paths return a value
C:\Users\shash\source\repos\INVENTORY_MANAGEMENT_SYSTEM\INVENTORY_MANAGEMENT_SYSTEM\excel.h(145,1): warning C4715: 'INVENTORYMANAGEMENTSYSTEM::excel::read_data': not all control paths return a value
C:\Users\shash\source\repos\INVENTORY_MANAGEMENT_SYSTEM\INVENTORY_MANAGEMENT_SYSTEM\excel.h(161,1): warning C4715: 'INVENTORYMANAGEMENTSYSTEM::excel::searchProductByName': not all control paths return a value
C:\Users\shash\source\repos\INVENTORY_MANAGEMENT_SYSTEM\INVENTORY_MANAGEMENT_SYSTEM\excel.h(177,1): warning C4715: 'INVENTORYMANAGEMENTSYSTEM::excel::searchProductById': not all control paths return a value
C:\Users\shash\source\repos\INVENTORY_MANAGEMENT_SYSTEM\INVENTORY_MANAGEMENT_SYSTEM\excel.h(127,1): warning C4715: 'INVENTORYMANAGEMENTSYSTEM::excel::last_data': not all control paths return a value
C:\Users\shash\source\repos\INVENTORY_MANAGEMENT_SYSTEM\INVENTORY_MANAGEMENT_SYSTEM\excel.h(145,1): warning C4715: 'INVENTORYMANAGEMENTSYSTEM::excel::read_data': not all control paths return a value
C:\Users\shash\source\repos\INVENTORY_MANAGEMENT_SYSTEM\INVENTORY_MANAGEMENT_SYSTEM\excel.h(161,1): warning C4715: 'INVENTORYMANAGEMENTSYSTEM::excel::searchProductByName': not all control paths return a value
C:\Users\shash\source\repos\INVENTORY_MANAGEMENT_SYSTEM\INVENTORY_MANAGEMENT_SYSTEM\excel.h(177,1): warning C4715: 'INVENTORYMANAGEMENTSYSTEM::excel::searchProductById': not all control paths return a value
C:\Users\shash\source\repos\INVENTORY_MANAGEMENT_SYSTEM\INVENTORY_MANAGEMENT_SYSTEM\excel.h(127,1): warning C4715: 'INVENTORYMANAGEMENTSYSTEM::excel::last_data': not all control paths return a value
C:\Users\shash\source\repos\INVENTORY_MANAGEMENT_SYSTEM\INVENTORY_MANAGEMENT_SYSTEM\excel.h(145,1): warning C4715: 'INVENTORYMANAGEMENTSYSTEM::excel::read_data': not all control paths return a value
C:\Users\shash\source\repos\INVENTORY_MANAGEMENT_SYSTEM\INVENTORY_MANAGEMENT_SYSTEM\excel.h(161,1): warning C4715: 'INVENTORYMANAGEMENTSYSTEM::excel::searchProductByName': not all control paths return a value
C:\Users\shash\source\repos\INVENTORY_MANAGEMENT_SYSTEM\INVENTORY_MANAGEMENT_SYSTEM\excel.h(177,1): warning C4715: 'INVENTORYMANAGEMENTSYSTEM::excel::searchProductById': not all control paths return a value
  about.obj : MSIL module encountered; incremental linking is disabled for MSIL; performing full link
  INVENTORY_MANAGEMENT_SYSTEM.vcxproj -> C:\Users\shash\source\repos\INVENTORY_MANAGEMENT_SYSTEM\x64\Debug\INVENTORY_MANAGEMENT_SYSTEM.exe
